   Survived        Age     Fare  ...  Embarked_C  Embarked_Q  Embarked_S
0         0  28.500000   7.2292  ...           1           0           0
1         1  27.000000  10.5000  ...           0           0           1
2         1  29.699118  16.1000  ...           0           0           1
3         0  29.699118   0.0000  ...           0           0           1
4         0  17.000000   8.6625  ...           0           0           1

[5 rows x 25 columns]
Shape of the train_data is :  (712, 25)
Shape of the test_data is  :  (179, 25)
********************************************************************
Coeffecient of the model   
:  [[-0.03079602  0.00158383  0.8884668   0.05906145 -1.0049253   1.24868439
  -1.30608143  1.05996569  0.99252425  0.73577913 -1.03158492 -0.76540072
  -0.4313286  -0.61735188  0.31675626  0.69898169  0.09062855  0.30403142
  -0.70590024 -0.4458868  -0.31600793  0.16680418  0.15197595 -0.37617717]]
********************************************************************
Intercept of the model     
:  [-0.04815772]
********************************************************************
Target on Train Data       
:  [0 1 1 0 0 0 0 0 0 0 0 1 0 0 0 0 0 0 0 1 0 0 0 0 0 0 0 0 0 1 1 0 0 0 0 0 1
 1 0 0 0 1 0 1 1 1 1 0 0 0 1 0 0 1 0 0 0 0 1 0 1 1 1 1 0 0 0 0 0 0 0 0 0 0
 0 1 1 0 0 1 0 0 0 1 1 0 0 1 1 0 1 0 0 0 0 1 0 1 1 0 0 1 0 1 1 1 0 1 1 0 1
 0 0 0 0 1 0 0 1 1 1 0 0 1 0 0 0 1 0 0 1 1 0 0 1 0 0 0 0 0 0 1 0 1 0 1 1 0
 0 0 1 1 0 0 0 1 0 1 0 0 1 1 0 1 1 0 1 0 0 0 0 0 0 0 0 0 0 0 0 0 0 1 0 0 1
 0 1 1 1 1 0 0 1 0 1 0 0 1 1 1 1 1 0 0 0 1 1 1 0 0 0 0 1 0 0 0 0 0 0 0 0 0
 0 0 0 0 0 0 1 0 1 0 1 0 0 1 0 1 0 0 0 1 0 1 0 1 1 0 0 0 1 1 0 1 0 0 1 1 1
 0 0 1 0 1 1 1 0 1 0 0 0 1 0 0 1 1 1 0 0 0 0 0 0 0 1 1 0 0 0 0 0 0 0 1 0 0
 0 0 1 1 0 1 1 0 1 0 1 0 0 0 0 0 1 0 1 1 1 0 0 0 1 0 1 0 0 0 1 0 0 1 0 1 1
 1 0 0 1 1 0 1 1 0 0 0 0 0 1 0 1 1 0 1 0 0 1 1 1 1 0 0 0 0 1 0 0 0 0 0 0 0
 0 0 0 0 0 1 0 0 1 0 0 1 0 0 1 0 0 1 0 0 0 0 0 1 0 0 0 1 1 1 0 1 0 1 1 0 1
 0 1 1 0 0 0 0 0 0 0 0 0 1 0 0 0 0 0 1 0 0 0 0 1 0 0 1 1 1 1 0 0 0 0 1 0 0
 0 1 0 0 0 0 0 0 1 0 0 1 1 0 1 1 1 0 0 0 0 0 0 1 0 0 1 1 1 0 1 0 0 0 0 0 0
 0 0 1 0 0 0 0 0 0 1 1 0 1 1 0 1 1 0 1 0 0 1 0 0 0 0 0 0 1 0 1 0 0 0 1 0 1
 1 0 0 0 0 1 0 0 0 1 0 1 0 1 1 1 0 0 0 0 0 0 1 1 1 0 1 1 1 0 1 1 0 0 0 0 1
 0 1 0 1 1 0 0 1 0 0 1 0 1 1 0 1 0 1 0 1 0 0 0 0 1 1 0 1 0 0 1 1 0 1 1 0 0
 1 0 1 0 0 0 0 1 0 1 0 1 1 0 0 1 0 1 1 0 1 0 0 0 1 0 1 0 0 0 1 0 0 0 0 0 1
 0 0 0 0 0 0 1 1 0 0 1 1 0 0 0 1 1 0 0 0 0 0 1 1 1 0 0 0 0 0 0 1 0 1 0 0 0
 0 0 0 0 1 0 0 1 0 0 1 0 0 0 0 1 1 0 0 0 0 0 0 0 0 0 1 0 0 0 1 0 0 1 0 1 0
 1 0 1 1 1 0 0 0 0]
********************************************************************
Accuracy on the Train Data 
:  0.8075842696629213
********************************************************************
Target on Test Data        
: [0 0 0 1 1 0 0 0 0 0 0 1 1 0 0 0 0 0 1 0 0 0 1 0 0 0 0 1 0 1 1 0 1 0 1 0 1
 0 0 0 0 0 0 0 0 0 0 0 1 0 0 0 0 0 0 1 0 1 1 0 0 1 1 1 0 0 0 0 0 0 0 0 0 0
 1 0 0 0 1 0 0 0 0 1 1 0 1 1 0 1 0 0 0 0 1 1 1 0 1 0 0 0 0 0 1 1 0 1 1 1 1
 0 1 0 0 0 0 1 1 1 1 0 1 1 0 1 1 0 0 0 1 0 0 1 1 1 0 1 1 0 1 0 0 0 0 0 0 0
 0 0 0 0 1 0 0 1 0 0 0 0 0 1 1 0 0 1 0 0 1 0 1 1 0 1 0 0 0 0 1]
********************************************************************
Accuracy Score on Test Dataset :  0.8212290502793296
