   Item_Weight  ...  Outlet_Type_Supermarket Type3
0     6.800000  ...                              0
1    15.600000  ...                              0
2    12.911575  ...                              1
3    11.800000  ...                              0
4    17.850000  ...                              0

[5 rows x 36 columns]
   Item_Weight  ...  Outlet_Type_Supermarket Type3
0       18.100  ...                              0
1        6.615  ...                              0
2       11.850  ...                              0
3       13.500  ...                              0
4       14.000  ...                              0

[5 rows x 36 columns]
Shape of training data:  (1364, 36)
Shape of testing data:  (341, 36)

***********************************
The coeffecient of the model             
:  [-3.84197604e+00  9.83065945e+00  1.61711856e+01  6.09197622e+01
 -8.64161561e+01  1.23593376e+02  2.34714039e+02 -2.44597425e+02
 -2.72938329e+01 -8.09611456e+00 -3.01147840e+02  1.70727611e+02
 -5.40194744e+01  7.34248834e+01  1.70313375e+00 -5.07701615e+01
  1.63553657e+02 -5.85286125e+01  1.04913492e+02 -6.01944874e+01
  1.98948206e+02 -1.40959023e+02  1.19426257e+02  2.66382669e+01
 -1.85619792e+02  1.43925357e+03  2.16134663e+02  3.54723990e+01
  3.54832996e+02 -5.54559635e+00 -3.49287400e+02 -1.39202954e+03
 -2.57982359e+02 -9.59016062e+02  2.60902796e+03]

***********************************
The intercept of the model              
 :  -121926.97473298346
***********************************
Item_Outlet_Sales on the training data  : 
 [ 803.88817641 1733.98835979 3294.52154482 ...  811.16967914 2343.96927185
 2444.98869913]
RMSE of the train dataset                :  1135.8159344155245
***********************************
Item_Outlet_Sales on the training data  : 
 [ 1615.37962439  3168.60806673  2564.31326686  2685.29698657
  2771.82059109  4223.3788671   2615.10827403   565.8088248
  4000.68496927  1035.54578573  2184.60316447  1033.54185437
   150.22804639  1616.19932803  2370.37858454  1953.693325
  2307.09514556  1429.85271583  2343.42149697  3780.28905363
   583.44339124  1089.08346168  2323.64661483  3559.90832258
  1829.46789667  1602.03985138   840.70282292  1823.14253132
  3145.30906529  1823.30397678  2103.35401623  3025.02597477
  2265.03907268   697.33936172  4474.05156681  2270.45195749
  1897.45212218  3305.0110824   2228.36615412  3767.90052861
  2162.33844917   665.40410258  -926.22966666   738.30407877
   197.90808777  2483.25075805  3693.05388376  2458.43116228
  1329.02544771   -57.67123156  1952.26612825  3614.4167807
  2127.22359714  2486.1932574   1826.90446272   786.7283994
  3200.67525412  1981.66000538  2326.98747373  3535.12951812
    53.4756877    129.4629475   4259.8975191   3732.15225981
  4454.54642228   717.26348394  1431.6614166    581.01605137
  1119.93954645  2392.48117429  1155.07145201  3528.03281464
  2044.86804694   455.24692632  1342.74411911  1033.2840843
  1406.11005231   794.30323743  1098.87255812    83.75695654
  1250.60074702  1495.67548794  2424.43083225  1844.12427139
  3082.43684194  3765.07357641   771.99003119  4435.95849625
   738.14937479   850.57494768  2622.28171329  1655.50682655
   907.1351255   4290.06774145   953.43327412  5344.75965244
  4088.62424173  2806.91278755  3128.8067004   1928.5781408
  4036.11769697  3180.16424086  3139.20756065   542.83160506
  2532.07785569  1105.76857669  3504.70144046  3939.48193634
   333.08756699  1948.88080922  1231.78773626  2740.61520829
  2346.30720313  3424.19140178  3051.02145123  1014.75408262
  1782.52495649  1841.62002811  3947.82775657  1614.81023184
  1389.86016917  1928.35682551  2619.4880638   2472.77585379
  2692.29331855    78.62892708  2330.19059149  4159.73973081
  4529.46230433  2264.57300155  1826.88342763  1275.25198009
  -457.62680268   329.71458616  5805.46289307 -1450.16404187
  1501.61687972  2965.88387942  1611.61916429  1886.73538613
  1242.79778954  4296.14339619  1728.68334987  1509.00474116
  2260.5918405   4159.20469494  3193.38759006  1509.53713972
  2210.42073119  5754.97388686 -1170.50864902  3162.64617061
  1994.01620756  1917.42431232  4404.60357762   997.35766781
  1742.51236828  2265.77611998  2543.6189625   1469.66880224
  1975.14690278  1225.30048856  4218.66518874  1697.85375137
  2790.38688349  3935.99362435   625.06246143  2373.6866766
  1831.0172668   1796.26777    -1075.85814761   427.15550704
  1746.36375123   233.53413014  1774.33869755  2918.17108391
  1912.23196062  3497.76791      605.64499947   761.50725234
   575.95154528  2460.73367421  1613.43332209  1746.36921802
  1366.92450243  2750.82093523  2708.27802108  2113.05123036
  4091.83752837  2621.18104708  3834.85938706   866.33297998
  3178.14854212  1320.60993899   614.11653153  2996.50726857
  4183.21848289  2768.14376223  1894.7224403   2168.35936706
  -430.75854506  1752.34512895  2547.47132497  3202.07672874
  4158.43802333  2603.79263873  4096.2558171   4530.17698005
  2657.59669754  1845.45481481  3390.50113508  2297.02310717
  1935.22179911  1039.45233714  1610.06188742  2349.26388899
  1687.75642234  1416.88045961  3186.47487698  1380.9005566
  2048.98028877  3115.36727803  3192.74829239  2957.81471134
  -309.39482285  3792.4834738   3808.61032694  3669.63236467
  3736.43245566  2277.01639962   857.76812536  2528.67482118
  4700.44879575  2872.01837914  2804.08508738 -1045.53520215
  -183.90085944  2556.47193302  3194.77054019  3108.48089695
  4718.52624333  3623.54852334  3038.4043458   2900.27886742
  1042.6899685   3242.69016168  1632.6328344   3395.96081244
  2213.18339089  2707.37203753  4165.66077486  1492.34822792
  -132.72238794  1102.63092166  1438.80008104  1443.75837334
  1829.01554695   973.12771481  3271.39421376  3254.27432253
  -161.46169522    72.58218786  1774.24125644  -632.66831423
  2531.55226268  4485.65882169  1796.44459658  2519.74607773
  2371.38081459  4194.8355524   -771.30234698  1344.46736265
  -967.33576066  1353.05300573  3265.73163044  2670.2925567
  1613.75708737  3189.58746374  -810.85964358  2753.09992531
  2178.28032441  2732.98784197  2110.04822199  2327.68963809
  3870.64913841  2926.04570599  2779.15291241   636.25728977
  1194.1928894   4778.71033823  3066.39089093  3328.54835279
  4400.46098188  1894.895569    4290.01251609   572.99300136
  2579.24830491  3349.60698124  2982.54911796  2674.56165895
  3763.95229207  3884.58791149  3782.90713719  3939.12885079
  3850.1735489   3870.01081561  3964.5331962   2908.96433528
  1001.51593302   509.85548611  2026.75019074  5691.58192484
  2105.74552915  1747.54922009  3110.61258139   115.7401617
  5172.75086929  3338.73543581  4144.05762646   805.53285192
  2331.40657555  3206.99378836   386.55122767  2938.94701141
  1873.28577011  2144.49147042  3082.87955228  3870.29871722
  1791.43594337  1069.11477182  3294.84134826  5603.61296774
  1645.44477396   232.82442927  1181.13519601  3701.34493377
  4099.97384712  2877.21991084  3519.04358701  1707.98351381
   170.07605396]
RMSE of the train dataset                :  1009.2517232209715
